ip: 192.168.2.130
workPath: "/opt/diamond/temp/"
nmapPath: "/opt/diamond/nmap/bin/nmap"
client cert path: "/opt/diamond/certs/enc_stg_cert.pem"
client key path: "/opt/diamond/certs/enc_stg_key.pem"
server cert path: "/opt/diamond/certs/enc_stg_srv_cert.pem"
Level: 50 >>>>> file exists: /opt/diamond/temp/version.json
Level: 30 >>>>> file not exists: 
Level: 50 >>>>> path: /opt/diamond/temp/
Level: 50 >>>>> Verifying: 1.0.88/config.json
Level: 50 >>>>> 1.0.88/config.json Verify OK
Level: 50 >>>>> Verifying: 1.0.88/script/scripts/isc-main.nse
Level: 50 >>>>> 1.0.88/script/scripts/isc-main.nse Verify OK
Level: 50 >>>>> Verifying: 1.0.88/script/data/p.txt
Level: 50 >>>>> 1.0.88/script/data/p.txt Verify OK
Level: 50 >>>>> Verifying: 1.0.88/script/data/u.txt
Level: 50 >>>>> 1.0.88/script/data/u.txt Verify OK
Level: 50 >>>>> Verifying: 1.0.88/script/nselib/sh.lua
Level: 50 >>>>> 1.0.88/script/nselib/sh.lua Verify OK
Level: 50 >>>>> Verifying: 1.0.88/script/nselib/dkjson.lua
Level: 50 >>>>> 1.0.88/script/nselib/dkjson.lua Verify OK
Level: 50 >>>>> Verifying: 1.0.88/script/nselib/http.lua
Level: 50 >>>>> 1.0.88/script/nselib/http.lua Verify OK
Level: 50 >>>>> Verifying: 1.0.88/script/nselib/base64.lua
Level: 50 >>>>> 1.0.88/script/nselib/base64.lua Verify OK
Level: 50 >>>>> Verifying: 1.0.88/script/nselib/ssh-brute.lua
Level: 50 >>>>> 1.0.88/script/nselib/ssh-brute.lua Verify OK
Level: 50 >>>>> Verifying: 1.0.88/script/nselib/tls.lua
Level: 50 >>>>> 1.0.88/script/nselib/tls.lua Verify OK
Level: 50 >>>>> Verifying: 1.0.88/script/nselib/isc_lib/isc-config-mgr
Level: 50 >>>>> 1.0.88/script/nselib/isc_lib/isc-config-mgr Verify OK
Level: 50 >>>>> Verifying: 1.0.88/script/nselib/isc_lib/YM_POODLE_CVE-2014-3566
Level: 50 >>>>> 1.0.88/script/nselib/isc_lib/YM_POODLE_CVE-2014-3566 Verify OK
Level: 50 >>>>> Verifying: 1.0.88/script/nselib/isc_lib/isc-error
Level: 50 >>>>> 1.0.88/script/nselib/isc_lib/isc-error Verify OK
Level: 50 >>>>> Verifying: 1.0.88/script/nselib/isc_lib/YM_ROUTER_CVE-2014-9583
Level: 50 >>>>> 1.0.88/script/nselib/isc_lib/YM_ROUTER_CVE-2014-9583 Verify OK
Level: 50 >>>>> Verifying: 1.0.88/script/nselib/isc_lib/YM_NAS_CVE-2017-6361
Level: 50 >>>>> 1.0.88/script/nselib/isc_lib/YM_NAS_CVE-2017-6361 Verify OK
Level: 50 >>>>> Verifying: 1.0.88/script/nselib/isc_lib/YM_ROUTER_CVE-2011-4723
Level: 50 >>>>> 1.0.88/script/nselib/isc_lib/YM_ROUTER_CVE-2011-4723 Verify OK
Level: 50 >>>>> Verifying: 1.0.88/script/nselib/isc_lib/YM_HEARTBLEED_CVE-2014-0160
Level: 50 >>>>> 1.0.88/script/nselib/isc_lib/YM_HEARTBLEED_CVE-2014-0160 Verify OK
Level: 50 >>>>> Verifying: 1.0.88/script/nselib/isc_lib/YM_ROUTER_CVE-2017-6549
Level: 50 >>>>> 1.0.88/script/nselib/isc_lib/YM_ROUTER_CVE-2017-6549 Verify OK
Level: 50 >>>>> Verifying: 1.0.88/script/nselib/isc_lib/YM_ROUTER_CVE-2014-9222
Level: 50 >>>>> 1.0.88/script/nselib/isc_lib/YM_ROUTER_CVE-2014-9222 Verify OK
Level: 50 >>>>> Verifying: 1.0.88/script/nselib/isc_lib/YM_WANNACRY_MS17-010
Level: 50 >>>>> 1.0.88/script/nselib/isc_lib/YM_WANNACRY_MS17-010 Verify OK
Level: 50 >>>>> Verifying: 1.0.88/script/nselib/isc_lib/YM_DEFAULT_PASSWORD-TELNET
Level: 50 >>>>> 1.0.88/script/nselib/isc_lib/YM_DEFAULT_PASSWORD-TELNET Verify OK
Level: 50 >>>>> Verifying: 1.0.88/script/nselib/isc_lib/YM_ROUTER_CVE-2017-5892
Level: 50 >>>>> 1.0.88/script/nselib/isc_lib/YM_ROUTER_CVE-2017-5892 Verify OK
Level: 50 >>>>> Verifying: 1.0.88/script/nselib/isc_lib/YM_DROWN_CVE-2016-0800
Level: 50 >>>>> 1.0.88/script/nselib/isc_lib/YM_DROWN_CVE-2016-0800 Verify OK
Level: 50 >>>>> Verifying: 1.0.88/script/nselib/isc_lib/YM_SAMBACRY_CVE-2017-7494
Level: 50 >>>>> 1.0.88/script/nselib/isc_lib/YM_SAMBACRY_CVE-2017-7494 Verify OK
Level: 50 >>>>> Verifying: 1.0.88/script/nselib/isc_lib/YM_IPCAM_CVE-2017-8225
Level: 50 >>>>> 1.0.88/script/nselib/isc_lib/YM_IPCAM_CVE-2017-8225 Verify OK
Level: 50 >>>>> Verifying: 1.0.88/script/nselib/isc_lib/YM_ROUTER_CVE-2016-6277
Level: 50 >>>>> 1.0.88/script/nselib/isc_lib/YM_ROUTER_CVE-2016-6277 Verify OK
Level: 50 >>>>> Verifying: 1.0.88/script/nselib/isc_lib/isc-scan-manager
Level: 50 >>>>> 1.0.88/script/nselib/isc_lib/isc-scan-manager Verify OK
Level: 50 >>>>> Verifying: 1.0.88/script/nselib/isc_lib/YM_SHELLSHOCK_CVE-2014-6271
Level: 50 >>>>> 1.0.88/script/nselib/isc_lib/YM_SHELLSHOCK_CVE-2014-6271 Verify OK
Level: 50 >>>>> Verifying: version.json
Level: 50 >>>>> version.json Verify OK
Level: 50 >>>>> successfully verify signature
Level: 50 >>>>> [CFG] version file: /opt/diamond/temp/version.json
Level: 40 >>>>> [CFG] pkg version : "1.0.88"
Level: 50 >>>>> [CFG] nmap version : "7.50"
Level: 50 >>>>> [CFG] lua version : "5.3"
Level: 50 >>>>> [CFG] config file: /opt/diamond/temp/1.0.88/config.json
Level: 50 >>>>> [CFG] config content: {
	"nmap" : 
	{
		"auz" : 
		{
			"full_scan" : 
			{
				"nmap_param" : "-d -sV --host-timeout 21600s --script-timeout 600s --open --max-retries 2",
				"passdb" : "data/p.txt",
				"root" : "-sSU --defeat-icmp-ratelimit --defeat-rst-ratelimit",
				"root_port" : "-p1-65535",
				"script" : "isc-main",
				"script_param" : "host=diamond,scan_type=full_scan",
				"user" : "",
				"user_port" : "-p1-65535",
				"userdb" : "data/u.txt"
			},
			"normal_scan" : 
			{
				"nmap_param" : "-d -sV --host-timeout 3600s --script-timeout 600s --open",
				"passdb" : "data/p.txt",
				"root" : "-sSU",
				"root_port" : "-pT:1,3-4,6-7,9,13,17,19-26,30,32-33,37,42-43,49,53,70,79-85,88-90,99-100,106,109-111,113,119,125,135,139,143-144,146,161,163,179,199,211-212,222,254-256,259,264,280,301,306,311,340,366,389,406-407,416-417,425,427,443-445,458,464-465,481,497,500,512-515,524,541,543-545,548,554-555,563,587,593,616-617,625,631,636,646,648,666-668,683,687,691,700,705,711,714,720,722,726,749,765,777,783,787,800-801,808,843,873,880,888,898,900-903,911-912,981,987,990,992-993,995,999-1002,1007,1009-1011,1021-1100,1102,1104-1108,1110-1114,1117,1119,1121-1124,1126,1130-1132,1137-1138,1141,1145,1147-1149,1151-1152,1154,1163-1166,1169,1174-1175,1183,1185-1187,1192,1198-1199,1201,1213,1216-1218,1233-1234,1236,1244,1247-1248,1259,1271-1272,1277,1287,1296,1300-1301,1309-1311,1322,1328,1334,1352,1417,1433-1434,1443,1455,1461,1494,1500-1501,1503,1521,1524,1533,1556,1580,1583,1594,1600,1641,1658,1666,1687-1688,1700,1717-1721,1723,1755,1761,1782-1783,1801,1805,1812,1839-1840,1862-1864,1875,1900,1914,1935,1947,1971-1972,1974,1984,1998-2010,2013,2020-2022,2030,2033-2035,2038,2040-2043,2045-2049,2065,2068,2099-2100,2103,2105-2107,2111,2119,2121,2126,2135,2144,2160-2161,2170,2179,2190-2191,2196,2200,2222,2251,2260,2288,2301,2323,2366,2381-2383,2393-2394,2399,2401,2492,2500,2522,2525,2557,2601-2602,2604-2605,2607-2608,2638,2701-2702,2710,2717-2718,2725,2800,2809,2811,2869,2875,2909-2910,2920,2967-2968,2998,3000-3001,3003,3005-3007,3011,3013,3017,3030-3031,3052,3071,3077,3128,3168,3211,3221,3260-3261,3268-3269,3283,3300-3301,3306,3322-3325,3333,3351,3367,3369-3372,3389-3390,3404,3476,3493,3517,3527,3546,3551,3580,3659,3689-3690,3703,3737,3766,3784,3800-3801,3809,3814,3826-3828,3851,3869,3871,3878,3880,3889,3905,3914,3918,3920,3945,3971,3986,3995,3998,4000-4006,4045,4111,4125-4126,4129,4224,4242,4279,4321,4343,4443-4446,4449,4550,4567,4662,4848,4899-4900,4998,5000-5004,5009,5030,5033,5050-5051,5054,5060-5061,5080,5087,5100-5102,5120,5190,5200,5214,5221-5222,5225-5226,5269,5280,5298,5357,5405,5414,5431-5432,5440,5500,5510,5544,5550,5555,5560,5566,5631,5633,5666,5678-5679,5718,5730,5800-5802,5810-5811,5815,5822,5825,5850,5859,5862,5877,5900-5904,5906-5907,5910-5911,5915,5922,5925,5950,5952,5959-5963,5987-5989,5998-6007,6009,6025,6059,6100-6101,6106,6112,6123,6129,6156,6346,6389,6502,6510,6543,6547,6565-6567,6580,6646,6666-6669,6689,6692,6699,6779,6788-6789,6792,6839,6881,6901,6969,7000-7002,7004,7007,7019,7025,7070,7100,7103,7106,7200-7201,7402,7435,7443,7496,7512,7625,7627,7676,7741,7777-7778,7800,7911,7920-7921,7937-7938,7999-8002,8007-8011,8021-8022,8031,8042,8045,8080-8090,8093,8099-8100,8180-8181,8192-8194,8200,8222,8254,8290-8292,8300,8333,8383,8400,8402,8443,8500,8600,8649,8651-8652,8654,8701,8800,8873,8888,8899,8994,9000-9003,9009-9011,9040,9050,9071,9080-9081,9090-9091,9099-9103,9110-9111,9200,9207,9220,9290,9415,9418,9485,9500,9502-9503,9535,9575,9593-9595,9618,9666,9876-9878,9898,9900,9917,9929,9943-9944,9968,9998-10004,10009-10010,10012,10024-10025,10082,10180,10215,10243,10566,10616-10617,10621,10626,10628-10629,10778,11110-11111,11967,12000,12174,12265,12345,13456,13722,13782-13783,14000,14238,14441-14442,15000,15002-15004,15660,15742,16000-16001,16012,16016,16018,16080,16113,16992-16993,17877,17988,18040,18101,18988,19101,19283,19315,19350,19780,19801,19842,20000,20005,20031,20221-20222,20828,21571,22939,23502,24444,24800,25734-25735,26214,27000,27352-27353,27355-27356,27715,28201,30000,30718,30951,31038,31337,32768-32785,33354,33899,34571-34573,35500,38292,40193,40911,41511,42510,44176,44442-44443,44501,45100,48080,49152-49161,49163,49165,49167,49175-49176,49400,49999-50003,50006,50300,50389,50500,50636,50800,51103,51493,52673,52822,52848,52869,54045,54328,55055-55056,55555,55600,56737-56738,57294,57797,58080,60020,60443,61532,61900,62078,63331,64623,64680,65000,65129,65389,U:53,67,123,135,137-138,161,445,631,1434,9999",
				"script" : "isc-main",
				"script_param" : "host=diamond,scan_type=normal_scan",
				"user" : "",
				"user_port" : "",
				"userdb" : "data/u.txt"
			},
			"quick_scan" : 
			{
				"nmap_param" : "-d --max-retries 3 --script-timeout 600s --open",
				"passdb" : "data/p.txt",
				"root" : "-sSU",
				"root_port" : "-pT:7,9,13,21-23,25-26,37,53,79-81,88,106,110-111,113,119,135,139,143-144,179,199,389,427,443-445,465,513-515,543-544,548,554,587,631,646,873,990,993,995,1025-1029,1110,1433,1720,1723,1755,1900,2000-2001,2049,2121,2717,3000,3128,3306,3389,3986,4899,5000,5009,5051,5060,5101,5190,5357,5432,5631,5666,5800,5900,6000-6001,6646,7070,8000,8008-8009,8080-8081,8443,8888,9100,9999-10000,32768,49152-49157,U:9999",
				"script" : "isc-main",
				"script_param" : "host=diamond,scan_type=quick_scan",
				"user" : "",
				"user_port" : "-F",
				"userdb" : "data/u.txt"
			}
		},
		"default" : 
		{
			"full_scan" : 
			{
				"nmap_param" : "-d -sV --host-timeout 21600s --script-timeout 600s --open --max-retries 2",
				"passdb" : "data/p.txt",
				"root" : "-sSU --defeat-icmp-ratelimit --defeat-rst-ratelimit",
				"root_port" : "-p1-65535",
				"script" : "isc-main",
				"script_param" : "host=diamond,scan_type=full_scan",
				"user" : "",
				"user_port" : "-p1-65535",
				"userdb" : "data/u.txt"
			},
			"normal_scan" : 
			{
				"nmap_param" : "-d -sV --host-timeout 3600s --script-timeout 600s --open",
				"passdb" : "data/p.txt",
				"root" : "-sSU",
				"root_port" : "-pT:1,3-4,6-7,9,13,17,19-26,30,32-33,37,42-43,49,53,70,79-85,88-90,99-100,106,109-111,113,119,125,135,139,143-144,146,161,163,179,199,211-212,222,254-256,259,264,280,301,306,311,340,366,389,406-407,416-417,425,427,443-445,458,464-465,481,497,500,512-515,524,541,543-545,548,554-555,563,587,593,616-617,625,631,636,646,648,666-668,683,687,691,700,705,711,714,720,722,726,749,765,777,783,787,800-801,808,843,873,880,888,898,900-903,911-912,981,987,990,992-993,995,999-1002,1007,1009-1011,1021-1100,1102,1104-1108,1110-1114,1117,1119,1121-1124,1126,1130-1132,1137-1138,1141,1145,1147-1149,1151-1152,1154,1163-1166,1169,1174-1175,1183,1185-1187,1192,1198-1199,1201,1213,1216-1218,1233-1234,1236,1244,1247-1248,1259,1271-1272,1277,1287,1296,1300-1301,1309-1311,1322,1328,1334,1352,1417,1433-1434,1443,1455,1461,1494,1500-1501,1503,1521,1524,1533,1556,1580,1583,1594,1600,1641,1658,1666,1687-1688,1700,1717-1721,1723,1755,1761,1782-1783,1801,1805,1812,1839-1840,1862-1864,1875,1900,1914,1935,1947,1971-1972,1974,1984,1998-2010,2013,2020-2022,2030,2033-2035,2038,2040-2043,2045-2049,2065,2068,2099-2100,2103,2105-2107,2111,2119,2121,2126,2135,2144,2160-2161,2170,2179,2190-2191,2196,2200,2222,2251,2260,2288,2301,2323,2366,2381-2383,2393-2394,2399,2401,2492,2500,2522,2525,2557,2601-2602,2604-2605,2607-2608,2638,2701-2702,2710,2717-2718,2725,2800,2809,2811,2869,2875,2909-2910,2920,2967-2968,2998,3000-3001,3003,3005-3007,3011,3013,3017,3030-3031,3052,3071,3077,3128,3168,3211,3221,3260-3261,3268-3269,3283,3300-3301,3306,3322-3325,3333,3351,3367,3369-3372,3389-3390,3404,3476,3493,3517,3527,3546,3551,3580,3659,3689-3690,3703,3737,3766,3784,3800-3801,3809,3814,3826-3828,3851,3869,3871,3878,3880,3889,3905,3914,3918,3920,3945,3971,3986,3995,3998,4000-4006,4045,4111,4125-4126,4129,4224,4242,4279,4321,4343,4443-4446,4449,4550,4567,4662,4848,4899-4900,4998,5000-5004,5009,5030,5033,5050-5051,5054,5060-5061,5080,5087,5100-5102,5120,5190,5200,5214,5221-5222,5225-5226,5269,5280,5298,5357,5405,5414,5431-5432,5440,5500,5510,5544,5550,5555,5560,5566,5631,5633,5666,5678-5679,5718,5730,5800-5802,5810-5811,5815,5822,5825,5850,5859,5862,5877,5900-5904,5906-5907,5910-5911,5915,5922,5925,5950,5952,5959-5963,5987-5989,5998-6007,6009,6025,6059,6100-6101,6106,6112,6123,6129,6156,6346,6389,6502,6510,6543,6547,6565-6567,6580,6646,6666-6669,6689,6692,6699,6779,6788-6789,6792,6839,6881,6901,6969,7000-7002,7004,7007,7019,7025,7070,7100,7103,7106,7200-7201,7402,7435,7443,7496,7512,7625,7627,7676,7741,7777-7778,7800,7911,7920-7921,7937-7938,7999-8002,8007-8011,8021-8022,8031,8042,8045,8080-8090,8093,8099-8100,8180-8181,8192-8194,8200,8222,8254,8290-8292,8300,8333,8383,8400,8402,8443,8500,8600,8649,8651-8652,8654,8701,8800,8873,8888,8899,8994,9000-9003,9009-9011,9040,9050,9071,9080-9081,9090-9091,9099-9103,9110-9111,9200,9207,9220,9290,9415,9418,9485,9500,9502-9503,9535,9575,9593-9595,9618,9666,9876-9878,9898,9900,9917,9929,9943-9944,9968,9998-10004,10009-10010,10012,10024-10025,10082,10180,10215,10243,10566,10616-10617,10621,10626,10628-10629,10778,11110-11111,11967,12000,12174,12265,12345,13456,13722,13782-13783,14000,14238,14441-14442,15000,15002-15004,15660,15742,16000-16001,16012,16016,16018,16080,16113,16992-16993,17877,17988,18040,18101,18988,19101,19283,19315,19350,19780,19801,19842,20000,20005,20031,20221-20222,20828,21571,22939,23502,24444,24800,25734-25735,26214,27000,27352-27353,27355-27356,27715,28201,30000,30718,30951,31038,31337,32768-32785,33354,33899,34571-34573,35500,38292,40193,40911,41511,42510,44176,44442-44443,44501,45100,48080,49152-49161,49163,49165,49167,49175-49176,49400,49999-50003,50006,50300,50389,50500,50636,50800,51103,51493,52673,52822,52848,52869,54045,54328,55055-55056,55555,55600,56737-56738,57294,57797,58080,60020,60443,61532,61900,62078,63331,64623,64680,65000,65129,65389,U:53,67,123,135,137-138,161,445,631,1434,9999",
				"script" : "isc-main",
				"script_param" : "host=diamond,scan_type=normal_scan",
				"user" : "",
				"user_port" : "",
				"userdb" : "data/u.txt"
			},
			"quick_scan" : 
			{
				"nmap_param" : "-d --max-retries 3 --script-timeout 600s --open",
				"passdb" : "data/p.txt",
				"root" : "-sSU",
				"root_port" : "-pT:7,9,13,21-23,25-26,37,53,79-81,88,106,110-111,113,119,135,139,143-144,179,199,389,427,443-445,465,513-515,543-544,548,554,587,631,646,873,990,993,995,1025-1029,1110,1433,1720,1723,1755,1900,2000-2001,2049,2121,2717,3000,3128,3306,3389,3986,4899,5000,5009,5051,5060,5101,5190,5357,5432,5631,5666,5800,5900,6000-6001,6646,7070,8000,8008-8009,8080-8081,8443,8888,9100,9999-10000,32768,49152-49157,U:9999",
				"script" : "isc-main",
				"script_param" : "host=diamond,scan_type=quick_scan",
				"user" : "",
				"user_port" : "-F",
				"userdb" : "data/u.txt"
			}
		},
		"jp" : 
		{
			"full_scan" : 
			{
				"nmap_param" : "-d -sV --host-timeout 21600s --script-timeout 600s --open --max-retries 2",
				"passdb" : "data/p.txt",
				"root" : "-sSU --defeat-icmp-ratelimit --defeat-rst-ratelimit",
				"root_port" : "-p1-65535",
				"script" : "isc-main",
				"script_param" : "host=diamond,scan_type=full_scan",
				"user" : "",
				"user_port" : "-p1-65535",
				"userdb" : "data/u.txt"
			},
			"normal_scan" : 
			{
				"nmap_param" : "-d -sV --host-timeout 3600s --script-timeout 600s --open",
				"passdb" : "data/p.txt",
				"root" : "-sSU",
				"root_port" : "-pT:1,3-4,6-7,9,13,17,19-26,30,32-33,37,42-43,49,53,70,79-85,88-90,99-100,106,109-111,113,119,125,135,139,143-144,146,161,163,179,199,211-212,222,254-256,259,264,280,301,306,311,340,366,389,406-407,416-417,425,427,443-445,458,464-465,481,497,500,512-515,524,541,543-545,548,554-555,563,587,593,616-617,625,631,636,646,648,666-668,683,687,691,700,705,711,714,720,722,726,749,765,777,783,787,800-801,808,843,873,880,888,898,900-903,911-912,981,987,990,992-993,995,999-1002,1007,1009-1011,1021-1100,1102,1104-1108,1110-1114,1117,1119,1121-1124,1126,1130-1132,1137-1138,1141,1145,1147-1149,1151-1152,1154,1163-1166,1169,1174-1175,1183,1185-1187,1192,1198-1199,1201,1213,1216-1218,1233-1234,1236,1244,1247-1248,1259,1271-1272,1277,1287,1296,1300-1301,1309-1311,1322,1328,1334,1352,1417,1433-1434,1443,1455,1461,1494,1500-1501,1503,1521,1524,1533,1556,1580,1583,1594,1600,1641,1658,1666,1687-1688,1700,1717-1721,1723,1755,1761,1782-1783,1801,1805,1812,1839-1840,1862-1864,1875,1900,1914,1935,1947,1971-1972,1974,1984,1998-2010,2013,2020-2022,2030,2033-2035,2038,2040-2043,2045-2049,2065,2068,2099-2100,2103,2105-2107,2111,2119,2121,2126,2135,2144,2160-2161,2170,2179,2190-2191,2196,2200,2222,2251,2260,2288,2301,2323,2366,2381-2383,2393-2394,2399,2401,2492,2500,2522,2525,2557,2601-2602,2604-2605,2607-2608,2638,2701-2702,2710,2717-2718,2725,2800,2809,2811,2869,2875,2909-2910,2920,2967-2968,2998,3000-3001,3003,3005-3007,3011,3013,3017,3030-3031,3052,3071,3077,3128,3168,3211,3221,3260-3261,3268-3269,3283,3300-3301,3306,3322-3325,3333,3351,3367,3369-3372,3389-3390,3404,3476,3493,3517,3527,3546,3551,3580,3659,3689-3690,3703,3737,3766,3784,3800-3801,3809,3814,3826-3828,3851,3869,3871,3878,3880,3889,3905,3914,3918,3920,3945,3971,3986,3995,3998,4000-4006,4045,4111,4125-4126,4129,4224,4242,4279,4321,4343,4443-4446,4449,4550,4567,4662,4848,4899-4900,4998,5000-5004,5009,5030,5033,5050-5051,5054,5060-5061,5080,5087,5100-5102,5120,5190,5200,5214,5221-5222,5225-5226,5269,5280,5298,5357,5405,5414,5431-5432,5440,5500,5510,5544,5550,5555,5560,5566,5631,5633,5666,5678-5679,5718,5730,5800-5802,5810-5811,5815,5822,5825,5850,5859,5862,5877,5900-5904,5906-5907,5910-5911,5915,5922,5925,5950,5952,5959-5963,5987-5989,5998-6007,6009,6025,6059,6100-6101,6106,6112,6123,6129,6156,6346,6389,6502,6510,6543,6547,6565-6567,6580,6646,6666-6669,6689,6692,6699,6779,6788-6789,6792,6839,6881,6901,6969,7000-7002,7004,7007,7019,7025,7070,7100,7103,7106,7200-7201,7402,7435,7443,7496,7512,7625,7627,7676,7741,7777-7778,7800,7911,7920-7921,7937-7938,7999-8002,8007-8011,8021-8022,8031,8042,8045,8080-8090,8093,8099-8100,8180-8181,8192-8194,8200,8222,8254,8290-8292,8300,8333,8383,8400,8402,8443,8500,8600,8649,8651-8652,8654,8701,8800,8873,8888,8899,8994,9000-9003,9009-9011,9040,9050,9071,9080-9081,9090-9091,9099-9103,9110-9111,9200,9207,9220,9290,9415,9418,9485,9500,9502-9503,9535,9575,9593-9595,9618,9666,9876-9878,9898,9900,9917,9929,9943-9944,9968,9998-10004,10009-10010,10012,10024-10025,10082,10180,10215,10243,10566,10616-10617,10621,10626,10628-10629,10778,11110-11111,11967,12000,12174,12265,12345,13456,13722,13782-13783,14000,14238,14441-14442,15000,15002-15004,15660,15742,16000-16001,16012,16016,16018,16080,16113,16992-16993,17877,17988,18040,18101,18988,19101,19283,19315,19350,19780,19801,19842,20000,20005,20031,20221-20222,20828,21571,22939,23502,24444,24800,25734-25735,26214,27000,27352-27353,27355-27356,27715,28201,30000,30718,30951,31038,31337,32768-32785,33354,33899,34571-34573,35500,38292,40193,40911,41511,42510,44176,44442-44443,44501,45100,48080,49152-49161,49163,49165,49167,49175-49176,49400,49999-50003,50006,50300,50389,50500,50636,50800,51103,51493,52673,52822,52848,52869,54045,54328,55055-55056,55555,55600,56737-56738,57294,57797,58080,60020,60443,61532,61900,62078,63331,64623,64680,65000,65129,65389,U:53,67,123,135,137-138,161,445,631,1434,9999",
				"script" : "isc-main",
				"script_param" : "host=diamond,scan_type=normal_scan",
				"user" : "",
				"user_port" : "",
				"userdb" : "data/u.txt"
			},
			"quick_scan" : 
			{
				"nmap_param" : "-d --max-retries 3 --script-timeout 600s --open",
				"passdb" : "data/p.txt",
				"root" : "-sSU",
				"root_port" : "-pT:7,9,13,21-23,25-26,37,53,79-81,88,106,110-111,113,119,135,139,143-144,179,199,389,427,443-445,465,513-515,543-544,548,554,587,631,646,873,990,993,995,1025-1029,1110,1433,1720,1723,1755,1900,2000-2001,2049,2121,2717,3000,3128,3306,3389,3986,4899,5000,5009,5051,5060,5101,5190,5357,5432,5631,5666,5800,5900,6000-6001,6646,7070,8000,8008-8009,8080-8081,8443,8888,9100,9999-10000,32768,49152-49157,U:9999",
				"script" : "isc-main",
				"script_param" : "host=diamond,scan_type=quick_scan",
				"user" : "",
				"user_port" : "-F",
				"userdb" : "data/u.txt"
			}
		}
	}
}
Level: 40 >>>>> system name: Linux
Level: 40 >>>>> release: 3.10.70
Level: 40 >>>>> version: #1 SMP Tue Aug 23 16:28:32 CST 2016
Level: 50 >>>>> version output: 
Nmap version 7.50 ( https://nmap.org )
Platform: arm-unknown-linux-gnueabi
Compiled with: liblua-5.3.3 openssl-1.0.2k nmap-libpcre-7.6 nmap-libpcap-1.7.3 nmap-libdnet-1.12 ipv6
Compiled without:
Available nsock engines: epoll poll select
 
Level: 50 >>>>> nmap version: "7.50"
Level: 50 >>>>> lua version: "5.3.3"
Level: 50 >>>>> [UPT] <inital>: start
Level: 50 >>>>> [UPT] <inital>: end
Level: 50 >>>>> [UPT] <check>: start
Level: 50 >>>>> [UPT] <check>: body: {
  "app" : 
  {
    "data" : 
    {
      "lua" : "5.3.3",
      "nmap" : "7.50"
    },
    "id" : "diamond",
    "version" : "1.0.88"
  },
  "client_id" : "5BF33F3F-4235-4FCD-9512-E85D766E2766",
  "os" : 
  {
    "platform" : "linux",
    "version" : "3.10.70"
  },
  "session_id" : "55038761-5979-4485-A91D-7BA51838F04D",
  "version" : "1.0.59"
}
Level: 50 >>>>> [Crypto] work path </opt/diamond/temp/>
Level: 50 >>>>> file exists: /opt/diamond/certs/enc_stg_cert.pem
Level: 50 >>>>> file exists: /opt/diamond/certs/enc_stg_key.pem
Level: 50 >>>>> file exists: /opt/diamond/certs/enc_stg_srv_cert.pem
Level: 50 >>>>> [Crypto] Initialized with crypto
Level: 50 >>>>> [HTTP] DoCrypt !!
Level: 50 >>>>> [HTTP] [DoCrypt] EVP_CIPHER_CTX_cleanup
Level: 50 >>>>> [HTTP] DoCrypt !!
Level: 50 >>>>> [HTTP] [DoCrypt] EVP_CIPHER_CTX_cleanup
Level: 50 >>>>> [HTTP] DoCrypt !!
Level: 50 >>>>> [HTTP] [DoCrypt] EVP_CIPHER_CTX_cleanup
Level: 50 >>>>> [HTTP] get response: 204, url: https://alpha.isc.trendmicro.com/api/v1/update/check, body: ""
Level: 40 >>>>> [UPT] <check>: already latest
Level: 50 >>>>> [UPT] <check>: end
Level: 50 >>>>> [UPT] <pre-process>: skip
Level: 50 >>>>> [UPT] <downlaod>: skip
Level: 50 >>>>> [UPT] <process>: skip
Level: 40 >>>>> [UPT] <ack>: (0xF2000002) -> (50000)
Level: 40 >>>>> [UPT] <ack>: (0xF2000003) -> (20000)
Level: 40 >>>>> [UPT] <ack>: (0xF2000004) -> (20001)
Level: 40 >>>>> [UPT] <ack>: (0xF2000006) -> (20000)
Level: 40 >>>>> [UPT] <ack>: (0xF2000007) -> (30000)
Level: 40 >>>>> [UPT] <ack>: (0xF2000008) -> (20002)
Level: 40 >>>>> [UPT] <ack>: (0xF2000009) -> (20002)
Level: 40 >>>>> [UPT] <ack>: (0xF200000A) -> (30001)
Level: 40 >>>>> [UPT] <ack>: (0xF200000B) -> (30002)
Level: 40 >>>>> [UPT] <ack>: (0xF200000C) -> (40000)
Level: 40 >>>>> [UPT] <ack>: (0xF200000D) -> (40000)
Level: 40 >>>>> [UPT] <ack>: (0xF200000E) -> (40001)
Level: 40 >>>>> [UPT] <ack>: (0xF200000F) -> (30003)
Level: 40 >>>>> [UPT] <ack>: (0x11000000) -> (10000)
Level: 40 >>>>> [UPT] <ack>: no need to ack result(0x11000001)
scan_type:2, thread_count:5, quality: 0
Level: 50 >>>>> path: /opt/diamond/temp/
Level: 50 >>>>> Verifying: 1.0.88/config.json
Level: 50 >>>>> 1.0.88/config.json Verify OK
Level: 50 >>>>> Verifying: 1.0.88/script/scripts/isc-main.nse
Level: 50 >>>>> 1.0.88/script/scripts/isc-main.nse Verify OK
Level: 50 >>>>> Verifying: 1.0.88/script/data/p.txt
Level: 50 >>>>> 1.0.88/script/data/p.txt Verify OK
Level: 50 >>>>> Verifying: 1.0.88/script/data/u.txt
Level: 50 >>>>> 1.0.88/script/data/u.txt Verify OK
Level: 50 >>>>> Verifying: 1.0.88/script/nselib/sh.lua
Level: 50 >>>>> 1.0.88/script/nselib/sh.lua Verify OK
Level: 50 >>>>> Verifying: 1.0.88/script/nselib/dkjson.lua
Level: 50 >>>>> 1.0.88/script/nselib/dkjson.lua Verify OK
Level: 50 >>>>> Verifying: 1.0.88/script/nselib/http.lua
Level: 50 >>>>> 1.0.88/script/nselib/http.lua Verify OK
Level: 50 >>>>> Verifying: 1.0.88/script/nselib/base64.lua
Level: 50 >>>>> 1.0.88/script/nselib/base64.lua Verify OK
Level: 50 >>>>> Verifying: 1.0.88/script/nselib/ssh-brute.lua
Level: 50 >>>>> 1.0.88/script/nselib/ssh-brute.lua Verify OK
Level: 50 >>>>> Verifying: 1.0.88/script/nselib/tls.lua
Level: 50 >>>>> 1.0.88/script/nselib/tls.lua Verify OK
Level: 50 >>>>> Verifying: 1.0.88/script/nselib/isc_lib/isc-config-mgr
Level: 50 >>>>> 1.0.88/script/nselib/isc_lib/isc-config-mgr Verify OK
Level: 50 >>>>> Verifying: 1.0.88/script/nselib/isc_lib/YM_POODLE_CVE-2014-3566
Level: 50 >>>>> 1.0.88/script/nselib/isc_lib/YM_POODLE_CVE-2014-3566 Verify OK
Level: 50 >>>>> Verifying: 1.0.88/script/nselib/isc_lib/isc-error
Level: 50 >>>>> 1.0.88/script/nselib/isc_lib/isc-error Verify OK
Level: 50 >>>>> Verifying: 1.0.88/script/nselib/isc_lib/YM_ROUTER_CVE-2014-9583
Level: 50 >>>>> 1.0.88/script/nselib/isc_lib/YM_ROUTER_CVE-2014-9583 Verify OK
Level: 50 >>>>> Verifying: 1.0.88/script/nselib/isc_lib/YM_NAS_CVE-2017-6361
Level: 50 >>>>> 1.0.88/script/nselib/isc_lib/YM_NAS_CVE-2017-6361 Verify OK
Level: 50 >>>>> Verifying: 1.0.88/script/nselib/isc_lib/YM_ROUTER_CVE-2011-4723
Level: 50 >>>>> 1.0.88/script/nselib/isc_lib/YM_ROUTER_CVE-2011-4723 Verify OK
Level: 50 >>>>> Verifying: 1.0.88/script/nselib/isc_lib/YM_HEARTBLEED_CVE-2014-0160
Level: 50 >>>>> 1.0.88/script/nselib/isc_lib/YM_HEARTBLEED_CVE-2014-0160 Verify OK
Level: 50 >>>>> Verifying: 1.0.88/script/nselib/isc_lib/YM_ROUTER_CVE-2017-6549
Level: 50 >>>>> 1.0.88/script/nselib/isc_lib/YM_ROUTER_CVE-2017-6549 Verify OK
Level: 50 >>>>> Verifying: 1.0.88/script/nselib/isc_lib/YM_ROUTER_CVE-2014-9222
Level: 50 >>>>> 1.0.88/script/nselib/isc_lib/YM_ROUTER_CVE-2014-9222 Verify OK
Level: 50 >>>>> Verifying: 1.0.88/script/nselib/isc_lib/YM_WANNACRY_MS17-010
Level: 50 >>>>> 1.0.88/script/nselib/isc_lib/YM_WANNACRY_MS17-010 Verify OK
Level: 50 >>>>> Verifying: 1.0.88/script/nselib/isc_lib/YM_DEFAULT_PASSWORD-TELNET
Level: 50 >>>>> 1.0.88/script/nselib/isc_lib/YM_DEFAULT_PASSWORD-TELNET Verify OK
Level: 50 >>>>> Verifying: 1.0.88/script/nselib/isc_lib/YM_ROUTER_CVE-2017-5892
Level: 50 >>>>> 1.0.88/script/nselib/isc_lib/YM_ROUTER_CVE-2017-5892 Verify OK
Level: 50 >>>>> Verifying: 1.0.88/script/nselib/isc_lib/YM_DROWN_CVE-2016-0800
Level: 50 >>>>> 1.0.88/script/nselib/isc_lib/YM_DROWN_CVE-2016-0800 Verify OK
Level: 50 >>>>> Verifying: 1.0.88/script/nselib/isc_lib/YM_SAMBACRY_CVE-2017-7494
Level: 50 >>>>> 1.0.88/script/nselib/isc_lib/YM_SAMBACRY_CVE-2017-7494 Verify OK
Level: 50 >>>>> Verifying: 1.0.88/script/nselib/isc_lib/YM_IPCAM_CVE-2017-8225
Level: 50 >>>>> 1.0.88/script/nselib/isc_lib/YM_IPCAM_CVE-2017-8225 Verify OK
Level: 50 >>>>> Verifying: 1.0.88/script/nselib/isc_lib/YM_ROUTER_CVE-2016-6277
Level: 50 >>>>> 1.0.88/script/nselib/isc_lib/YM_ROUTER_CVE-2016-6277 Verify OK
Level: 50 >>>>> Verifying: 1.0.88/script/nselib/isc_lib/isc-scan-manager
Level: 50 >>>>> 1.0.88/script/nselib/isc_lib/isc-scan-manager Verify OK
Level: 50 >>>>> Verifying: 1.0.88/script/nselib/isc_lib/YM_SHELLSHOCK_CVE-2014-6271
Level: 50 >>>>> 1.0.88/script/nselib/isc_lib/YM_SHELLSHOCK_CVE-2014-6271 Verify OK
Level: 50 >>>>> Verifying: version.json
Level: 50 >>>>> version.json Verify OK
Level: 50 >>>>> successfully verify signature
Level: 50 >>>>> [NmapScanTask]<Run> start scan
Level: 50 >>>>> [NmapScanTask]<Run:757C55E3-34DB-45A6-BE99-22618F979545> got IPV4 scan
Level: 50 >>>>> [NmapScanTask]<Run:757C55E3-34DB-45A6-BE99-22618F979545> scan IP :192.168.2.130
Level: 50 >>>>> [NmapScanTask]<Run:757C55E3-34DB-45A6-BE99-22618F979545> nmap path :/opt/diamond/nmap/bin/nmap
Level: 50 >>>>> [NmapScanTask]<Run:757C55E3-34DB-45A6-BE99-22618F979545> params :nmap
Level: 50 >>>>> [NmapScanTask]<Run:757C55E3-34DB-45A6-BE99-22618F979545> params :-oX
Level: 50 >>>>> [NmapScanTask]<Run:757C55E3-34DB-45A6-BE99-22618F979545> params :-
Level: 50 >>>>> [NmapScanTask]<Run:757C55E3-34DB-45A6-BE99-22618F979545> params :--datadir
Level: 50 >>>>> [NmapScanTask]<Run:757C55E3-34DB-45A6-BE99-22618F979545> params :/opt/diamond/temp/1.0.88/script
Level: 50 >>>>> [NmapScanTask]<Run:757C55E3-34DB-45A6-BE99-22618F979545> params :-sSU
Level: 50 >>>>> [NmapScanTask]<Run:757C55E3-34DB-45A6-BE99-22618F979545> params :-pT:7,9,13,21-23,25-26,37,53,79-81,88,106,110-111,113,119,135,139,143-144,179,199,389,427,443-445,465,513-515,543-544,548,554,587,631,646,873,990,993,995,1025-1029,1110,1433,1720,1723,1755,1900,2000-2001,2049,2121,2717,3000,3128,3306,3389,3986,4899,5000,5009,5051,5060,5101,5190,5357,5432,5631,5666,5800,5900,6000-6001,6646,7070,8000,8008-8009,8080-8081,8443,8888,9100,9999-10000,32768,49152-49157,U:9999
Level: 50 >>>>> [NmapScanTask]<Run:757C55E3-34DB-45A6-BE99-22618F979545> params :--script
Level: 50 >>>>> [NmapScanTask]<Run:757C55E3-34DB-45A6-BE99-22618F979545> params :isc-main
Level: 50 >>>>> [NmapScanTask]<Run:757C55E3-34DB-45A6-BE99-22618F979545> params :-d
Level: 50 >>>>> [NmapScanTask]<Run:757C55E3-34DB-45A6-BE99-22618F979545> params :--max-retries
Level: 50 >>>>> [NmapScanTask]<Run:757C55E3-34DB-45A6-BE99-22618F979545> params :3
Level: 50 >>>>> [NmapScanTask]<Run:757C55E3-34DB-45A6-BE99-22618F979545> params :--script-timeout
Level: 50 >>>>> [NmapScanTask]<Run:757C55E3-34DB-45A6-BE99-22618F979545> params :600s
Level: 50 >>>>> [NmapScanTask]<Run:757C55E3-34DB-45A6-BE99-22618F979545> params :--open
Level: 50 >>>>> [NmapScanTask]<Run:757C55E3-34DB-45A6-BE99-22618F979545> params :--script-args
Level: 50 >>>>> [NmapScanTask]<Run:757C55E3-34DB-45A6-BE99-22618F979545> params :host=diamond,scan_type=quick_scan,region=jp,quality=high,path=/opt/diamond/temp/1.0.88/script,permission=root,userdb=/opt/diamond/temp/1.0.88/script/data/u.txt,passdb=/opt/diamond/temp/1.0.88/script/data/p.txt
Level: 50 >>>>> [NmapScanTask]<Run:757C55E3-34DB-45A6-BE99-22618F979545> params :192.168.2.130
Level: 50 >>>>> [NmapScanTask]<Run:757C55E3-34DB-45A6-BE99-22618F979545> params :(null)
Level: 50 >>>>> [NmapScanTask]<handleCallback:757C55E3-34DB-45A6-BE99-22618F979545> callback status:0x10000000, code:0x10000000
 <<<<<<< Begin CallbackHandler >>>>>> 
status code: 0x10000000
error code: 0x10000000
 <<<<<<< End CallbackHandler >>>>>> 
Level: 50 >>>>> [NmapScanTask]<handleCallback:757C55E3-34DB-45A6-BE99-22618F979545> callback return :0
Level: 50 >>>>> [NmapScanTask]<Run:757C55E3-34DB-45A6-BE99-22618F979545> nmap scanning finsihed
Level: 50 >>>>> [NmapScanTask] work path:/opt/diamond/temp/ 
Level: 50 >>>>> [NmapScanTask]<handeResult757C55E3-34DB-45A6-BE99-22618F979545> :<?xml version="1.0" encoding="UTF-8"?>
<!DOCTYPE nmaprun>
<?xml-stylesheet href="file:///opt/diamond/nmap/bin/../share/nmap/nmap.xsl" type="text/xsl"?>
<!-- Nmap 7.50 scan initiated Thu Sep 14 02:22:12 2017 as: nmap -oX - -&#45;datadir /opt/diamond/temp/1.0.88/script -sSU -pT:7,9,13,21-23,25-26,37,53,79-81,88,106,110-111,113,119,135,139,143-144,179,199,389,427,443-445,465,513-515,543-544,548,554,587,631,646,873,990,993,995,1025-1029,1110,1433,1720,1723,1755,1900,2000-2001,2049,2121,2717,3000,3128,3306,3389,3986,4899,5000,5009,5051,5060,5101,5190,5357,5432,5631,5666,5800,5900,6000-6001,6646,7070,8000,8008-8009,8080-8081,8443,8888,9100,9999-10000,32768,49152-49157,U:9999 -&#45;script isc-main -d -&#45;max-retries 3 -&#45;script-timeout 600s -&#45;open -&#45;script-args host=diamond,scan_type=quick_scan,region=jp,quality=high,path=/opt/diamond/temp/1.0.88/script,permission=root,userdb=/opt/diamond/temp/1.0.88/script/data/u.txt,passdb=/opt/diamond/temp/1.0.88/script/data/p.txt 192.168.2.130 -->
<nmaprun scanner="nmap" args="nmap -oX - -&#45;datadir /opt/diamond/temp/1.0.88/script -sSU -pT:7,9,13,21-23,25-26,37,53,79-81,88,106,110-111,113,119,135,139,143-144,179,199,389,427,443-445,465,513-515,543-544,548,554,587,631,646,873,990,993,995,1025-1029,1110,1433,1720,1723,1755,1900,2000-2001,2049,2121,2717,3000,3128,3306,3389,3986,4899,5000,5009,5051,5060,5101,5190,5357,5432,5631,5666,5800,5900,6000-6001,6646,7070,8000,8008-8009,8080-8081,8443,8888,9100,9999-10000,32768,49152-49157,U:9999 -&#45;script isc-main -d -&#45;max-retries 3 -&#45;script-timeout 600s -&#45;open -&#45;script-args host=diamond,scan_type=quick_scan,region=jp,quality=high,path=/opt/diamond/temp/1.0.88/script,permission=root,userdb=/opt/diamond/temp/1.0.88/script/data/u.txt,passdb=/opt/diamond/temp/1.0.88/script/data/p.txt 192.168.2.130" start="1505355732" startstr="Thu Sep 14 02:22:12 2017" version="7.50" xmloutputversion="1.04">
<scaninfo type="syn" protocol="tcp" numservices="100" services="7,9,13,21-23,25-26,37,53,79-81,88,106,110-111,113,119,135,139,143-144,179,199,389,427,443-445,465,513-515,543-544,548,554,587,631,646,873,990,993,995,1025-1029,1110,1433,1720,1723,1755,1900,2000-2001,2049,2121,2717,3000,3128,3306,3389,3986,4899,5000,5009,5051,5060,5101,5190,5357,5432,5631,5666,5800,5900,6000-6001,6646,7070,8000,8008-8009,8080-8081,8443,8888,9100,9999-10000,32768,49152-49157"/>
<scaninfo type="udp" protocol="udp" numservices="1" services="9999"/>
<verbose level="1"/>
<debugging level="1"/>
<taskbegin task="NSE" time="1505355733"/>
<taskend task="NSE" time="1505355733"/>
<taskbegin task="ARP Ping Scan" time="1505355733"/>
<taskend task="ARP Ping Scan" time="1505355733" extrainfo="1 total hosts"/>
<taskbegin task="Parallel DNS resolution of 1 host." time="1505355733"/>
<taskend task="Parallel DNS resolution of 1 host." time="1505355733"/>
<taskbegin task="SYN Stealth Scan" time="1505355733"/>
<taskend task="SYN Stealth Scan" time="1505355733" extrainfo="100 total ports"/>
<taskbegin task="UDP Scan" time="1505355733"/>
<taskend task="UDP Scan" time="1505355733" extrainfo="1 total ports"/>
<taskbegin task="NSE" time="1505355733"/>
<isc_debug>identd.state:open port:22 port.state:open port.protocol:tcp</isc_debug>
<isc_debug>isc_scan_mgr.start</isc_debug>
<isc_debug>identd.state:open port:445 port.state:open port.protocol:tcp</isc_debug>
<isc_debug>isc_scan_mgr.start</isc_debug>
start YM_SAMBACRY_CVE-2017-7494
<isc_debug>identd.state:open port:8080 port.state:open port.protocol:tcp</isc_debug>
<isc_debug>isc_scan_mgr.start</isc_debug>
YM_ROUTER_CVE-2017-5892 quality level: low does not meet requirement.
YM_ROUTER_CVE-2017-5892 quality level: low does not meet requirement.
start YM_ROUTER_CVE-2011-4723
<isc_debug>identd.state:open port:873 port.state:open port.protocol:tcp</isc_debug>
<isc_debug>isc_scan_mgr.start</isc_debug>
<isc_debug>identd.state:open port:443 port.state:open port.protocol:tcp</isc_debug>
<isc_debug>isc_scan_mgr.start</isc_debug>
start heartbleed_checker
<isc_debug>identd.state:open port:631 port.state:open port.protocol:tcp</isc_debug>
<isc_debug>isc_scan_mgr.start</isc_debug>
<isc_debug>identd.state:open port:49152 port.state:open port.protocol:tcp</isc_debug>
<isc_debug>isc_scan_mgr.start</isc_debug>
<isc_debug>identd.state:open port:8081 port.state:open port.protocol:tcp</isc_debug>
<isc_debug>isc_scan_mgr.start</isc_debug>
<isc_debug>identd.state:open port:21 port.state:open port.protocol:tcp</isc_debug>
<isc_debug>isc_scan_mgr.start</isc_debug>
<isc_debug>identd.state:open port:139 port.state:open port.protocol:tcp</isc_debug>
<isc_debug>isc_scan_mgr.start</isc_debug>
start YM_SAMBACRY_CVE-2017-7494
<isc_debug>identd.state:open port:80 port.state:open port.protocol:tcp</isc_debug>
<isc_debug>isc_scan_mgr.start</isc_debug>
YM_ROUTER_CVE-2017-5892 quality level: low does not meet requirement.
YM_ROUTER_CVE-2017-5892 quality level: low does not meet requirement.
start YM_ROUTER_CVE-2011-4723
end YM_ROUTER_CVE-2011-4723
YM_ROUTER_CVE-2016-6277 quality level: low does not meet requirement.
start cve_2014_9222_checker status:	table: 0x901450
YM_ROUTER_CVE-2014-9222 quality level: low does not meet requirement.
start YM_IPCAM_CVE-2017-8225
end YM_IPCAM_CVE-2017-8225
YM_NAS_CVE-2017-6361 quality level: low does not meet requirement.
end YM_ROUTER_CVE-2011-4723
YM_ROUTER_CVE-2016-6277 quality level: low does not meet requirement.
start cve_2014_9222_checker status:	table: 0x78f4d8
YM_ROUTER_CVE-2014-9222 quality level: low does not meet requirement.
start heartbleed_checker
end heartbleed_checker
YM_SHELLSHOCK_CVE-2014-6271 quality level: low does not meet requirement.
start poodle_checker
end poodle_checker
start ssl_drown check
end ssl_drown check
YM_NAS_CVE-2017-6361 quality level: low does not meet requirement.
end heartbleed_checker
YM_SHELLSHOCK_CVE-2014-6271 quality level: low does not meet requirement.
start poodle_checker
<taskprogress task="NSE" time="1505355764" percent="72.73" remaining="12" etc="1505355776"/>
end YM_SAMBACRY_CVE-2017-7494
end YM_SAMBACRY_CVE-2017-7494
end poodle_checker
start ssl_drown check
end ssl_drown check
YM_NAS_CVE-2017-6361 quality level: low does not meet requirement.
<taskend task="NSE" time="1505355777"/>
<host starttime="1505355733" endtime="1505355777"><status state="up" reason="arp-response" reason_ttl="0"/>
<address addr="192.168.2.130" addrtype="ipv4"/>
<address addr="00:08:9B:F8:48:7D" addrtype="mac" vendor="ICP Electronics"/>
<hostnames>
<hostname name="NASF8487D" type="PTR"/>
</hostnames>
<ports><extraports state="closed" count="90">
<extrareasons reason="resets" count="89"/>
<extrareasons reason="port-unreach" count="1"/>
</extraports>
<port protocol="tcp" portid="21"><state state="open" reason="syn-ack" reason_ttl="64"/><service name="ftp" method="table" conf="3"/><script id="isc-main" output="{&#xa;  &quot;error_code&quot;:0,&#xa;  &quot;error_msg&quot;:&quot;&quot;&#xa;}"/></port>
<port protocol="tcp" portid="22"><state state="open" reason="syn-ack" reason_ttl="64"/><service name="ssh" method="table" conf="3"/><script id="isc-main" output="{&#xa;  &quot;error_code&quot;:0,&#xa;  &quot;error_msg&quot;:&quot;&quot;&#xa;}"/></port>
<port protocol="tcp" portid="80"><state state="open" reason="syn-ack" reason_ttl="64"/><service name="http" method="table" conf="3"/><script id="isc-main" output="{&#xa;  &quot;YM_IPCAM_CVE-2017-8225&quot;:{&#xa;    &quot;confidence&quot;:&quot;10&quot;,&#xa;    &quot;risk_level&quot;:&quot;high&quot;,&#xa;    &quot;is_vuln&quot;:false,&#xa;    &quot;cvss&quot;:7.5,&#xa;    &quot;error_msg&quot;:&quot;&quot;,&#xa;    &quot;error_code&quot;:0,&#xa;    &quot;info&quot;:{&#xa;      &quot;spend_time&quot;:&quot;0s&quot;&#xa;    }&#xa;  },&#xa;  &quot;error_msg&quot;:&quot;&quot;,&#xa;  &quot;error_code&quot;:0,&#xa;  &quot;YM_ROUTER_CVE-2011-4723&quot;:{&#xa;    &quot;confidence&quot;:&quot;10&quot;,&#xa;    &quot;risk_level&quot;:&quot;medium&quot;,&#xa;    &quot;is_vuln&quot;:false,&#xa;    &quot;cvss&quot;:6.8,&#xa;    &quot;error_msg&quot;:&quot;&quot;,&#xa;    &quot;error_code&quot;:0,&#xa;    &quot;info&quot;:{&#xa;      &quot;spend_time&quot;:&quot;0s&quot;&#xa;    }&#xa;  }&#xa;}"/></port>
<port protocol="tcp" portid="139"><state state="open" reason="syn-ack" reason_ttl="64"/><service name="netbios-ssn" method="table" conf="3"/><script id="isc-main" output="{&#xa;  &quot;YM_WANNACRY_MS17-010&quot;:{&#xa;    &quot;confidence&quot;:&quot;10&quot;,&#xa;    &quot;risk_level&quot;:&quot;high&quot;,&#xa;    &quot;is_vuln&quot;:false,&#xa;    &quot;cvss&quot;:9.3,&#xa;    &quot;error_msg&quot;:&quot;&quot;,&#xa;    &quot;error_code&quot;:0,&#xa;    &quot;info&quot;:[]&#xa;  },&#xa;  &quot;error_msg&quot;:&quot;&quot;,&#xa;  &quot;error_code&quot;:0,&#xa;  &quot;YM_SAMBACRY_CVE-2017-7494&quot;:{&#xa;    &quot;cvss&quot;:10.0,&#xa;    &quot;error_msg&quot;:&quot;&quot;,&#xa;    &quot;error_code&quot;:0,&#xa;    &quot;info&quot;:{&#xa;      &quot;spend_time&quot;:&quot;38s&quot;&#xa;    },&#xa;    &quot;state&quot;:4,&#xa;    &quot;risk_level&quot;:&quot;high&quot;,&#xa;    &quot;is_vuln&quot;:true,&#xa;    &quot;vuln_state&quot;:&quot;VULN&quot;,&#xa;    &quot;confidence&quot;:&quot;10&quot;&#xa;  }&#xa;}"/></port>
<port protocol="tcp" portid="443"><state state="open" reason="syn-ack" reason_ttl="64"/><service name="https" method="table" conf="3"/><script id="isc-main" output="{&#xa;  &quot;YM_HEARTBLEED_CVE-2014-0160&quot;:{&#xa;    &quot;confidence&quot;:&quot;10&quot;,&#xa;    &quot;cvss&quot;:5.0,&#xa;    &quot;is_vuln&quot;:false,&#xa;    &quot;risk_level&quot;:&quot;medium&quot;,&#xa;    &quot;error_msg&quot;:&quot;&quot;,&#xa;    &quot;error_code&quot;:0,&#xa;    &quot;info&quot;:{&#xa;      &quot;spend_time&quot;:&quot;15s&quot;&#xa;    }&#xa;  },&#xa;  &quot;YM_DROWN_CVE-2016-0800&quot;:{&#xa;    &quot;confidence&quot;:&quot;10&quot;,&#xa;    &quot;risk_level&quot;:&quot;medium&quot;,&#xa;    &quot;is_vuln&quot;:false,&#xa;    &quot;cvss&quot;:4.3,&#xa;    &quot;error_msg&quot;:&quot;&quot;,&#xa;    &quot;error_code&quot;:0,&#xa;    &quot;info&quot;:{&#xa;      &quot;cve&quot;:[],&#xa;      &quot;spend_time&quot;:&quot;0s&quot;&#xa;    }&#xa;  },&#xa;  &quot;YM_POODLE_CVE-2014-3566&quot;:{&#xa;    &quot;confidence&quot;:&quot;10&quot;,&#xa;    &quot;risk_level&quot;:&quot;medium&quot;,&#xa;    &quot;is_vuln&quot;:false,&#xa;    &quot;cvss&quot;:4.3,&#xa;    &quot;error_msg&quot;:&quot;&quot;,&#xa;    &quot;error_code&quot;:0,&#xa;    &quot;info&quot;:{&#xa;      &quot;spend_time&quot;:&quot;1s&quot;&#xa;    }&#xa;  },&#xa;  &quot;error_msg&quot;:&quot;&quot;,&#xa;  &quot;error_code&quot;:0&#xa;}"/></port>
<port protocol="tcp" portid="445"><state state="open" reason="syn-ack" reason_ttl="64"/><service name="microsoft-ds" method="table" conf="3"/><script id="isc-main" output="{&#xa;  &quot;YM_WANNACRY_MS17-010&quot;:{&#xa;    &quot;confidence&quot;:&quot;10&quot;,&#xa;    &quot;risk_level&quot;:&quot;high&quot;,&#xa;    &quot;is_vuln&quot;:false,&#xa;    &quot;cvss&quot;:9.3,&#xa;    &quot;error_msg&quot;:&quot;&quot;,&#xa;    &quot;error_code&quot;:0,&#xa;    &quot;info&quot;:[]&#xa;  },&#xa;  &quot;error_msg&quot;:&quot;&quot;,&#xa;  &quot;error_code&quot;:0,&#xa;  &quot;YM_SAMBACRY_CVE-2017-7494&quot;:{&#xa;    &quot;cvss&quot;:10.0,&#xa;    &quot;error_msg&quot;:&quot;&quot;,&#xa;    &quot;error_code&quot;:0,&#xa;    &quot;info&quot;:{&#xa;      &quot;spend_time&quot;:&quot;37s&quot;&#xa;    },&#xa;    &quot;state&quot;:4,&#xa;    &quot;risk_level&quot;:&quot;high&quot;,&#xa;    &quot;is_vuln&quot;:true,&#xa;    &quot;vuln_state&quot;:&quot;VULN&quot;,&#xa;    &quot;confidence&quot;:&quot;10&quot;&#xa;  }&#xa;}"/></port>
<port protocol="tcp" portid="631"><state state="open" reason="syn-ack" reason_ttl="64"/><service name="ipp" method="table" conf="3"/><script id="isc-main" output="{&#xa;  &quot;error_code&quot;:0,&#xa;  &quot;error_msg&quot;:&quot;&quot;&#xa;}"/></port>
<port protocol="tcp" portid="873"><state state="open" reason="syn-ack" reason_ttl="64"/><service name="rsync" method="table" conf="3"/><script id="isc-main" output="{&#xa;  &quot;error_code&quot;:0,&#xa;  &quot;error_msg&quot;:&quot;&quot;&#xa;}"/></port>
<port protocol="tcp" portid="8080"><state state="open" reason="syn-ack" reason_ttl="64"/><service name="http-proxy" method="table" conf="3"/><script id="isc-main" output="{&#xa;  &quot;YM_HEARTBLEED_CVE-2014-0160&quot;:{&#xa;    &quot;confidence&quot;:&quot;10&quot;,&#xa;    &quot;cvss&quot;:5.0,&#xa;    &quot;is_vuln&quot;:false,&#xa;    &quot;risk_level&quot;:&quot;medium&quot;,&#xa;    &quot;error_msg&quot;:&quot;&quot;,&#xa;    &quot;error_code&quot;:0,&#xa;    &quot;info&quot;:{&#xa;      &quot;spend_time&quot;:&quot;16s&quot;&#xa;    }&#xa;  },&#xa;  &quot;YM_DROWN_CVE-2016-0800&quot;:{&#xa;    &quot;confidence&quot;:&quot;10&quot;,&#xa;    &quot;risk_level&quot;:&quot;medium&quot;,&#xa;    &quot;is_vuln&quot;:false,&#xa;    &quot;cvss&quot;:4.3,&#xa;    &quot;error_msg&quot;:&quot;&quot;,&#xa;    &quot;error_code&quot;:0,&#xa;    &quot;info&quot;:{&#xa;      &quot;cve&quot;:[],&#xa;      &quot;spend_time&quot;:&quot;5s&quot;&#xa;    }&#xa;  },&#xa;  &quot;YM_ROUTER_CVE-2011-4723&quot;:{&#xa;    &quot;confidence&quot;:&quot;10&quot;,&#xa;    &quot;risk_level&quot;:&quot;medium&quot;,&#xa;    &quot;is_vuln&quot;:true,&#xa;    &quot;cvss&quot;:6.8,&#xa;    &quot;error_msg&quot;:&quot;&quot;,&#xa;    &quot;error_code&quot;:0,&#xa;    &quot;info&quot;:{&#xa;      &quot;spend_time&quot;:&quot;2s&quot;&#xa;    }&#xa;  },&#xa;  &quot;error_msg&quot;:&quot;&quot;,&#xa;  &quot;error_code&quot;:0,&#xa;  &quot;YM_POODLE_CVE-2014-3566&quot;:{&#xa;    &quot;confidence&quot;:&quot;10&quot;,&#xa;    &quot;risk_level&quot;:&quot;medium&quot;,&#xa;    &quot;is_vuln&quot;:false,&#xa;    &quot;cvss&quot;:4.3,&#xa;    &quot;error_msg&quot;:&quot;&quot;,&#xa;    &quot;error_code&quot;:0,&#xa;    &quot;info&quot;:{&#xa;      &quot;spend_time&quot;:&quot;20s&quot;&#xa;    }&#xa;  }&#xa;}"/></port>
<port protocol="tcp" portid="8081"><state state="open" reason="syn-ack" reason_ttl="64"/><service name="blackice-icecap" method="table" conf="3"/><script id="isc-main" output="{&#xa;  &quot;error_code&quot;:0,&#xa;  &quot;error_msg&quot;:&quot;&quot;&#xa;}"/></port>
<port protocol="tcp" portid="49152"><state state="open" reason="syn-ack" reason_ttl="64"/><service name="unknown" method="table" conf="3"/><script id="isc-main" output="{&#xa;  &quot;error_code&quot;:0,&#xa;  &quot;error_msg&quot;:&quot;&quot;&#xa;}"/></port>
</ports>
<times srtt="371" rttvar="41" to="100000"/>
</host>
<taskbegin task="NSE" time="1505355777"/>
<taskend task="NSE" time="1505355777"/>
<runstats><finished time="1505355777" timestr="Thu Sep 14 02:22:57 2017" elapsed="45.18" summary="Nmap done at Thu Sep 14 02:22:57 2017; 1 IP address (1 host up) scanned in 45.18 seconds" exit="success"/><hosts up="1" down="0" total="1"/>
</runstats>
</nmaprun>

Level: 50 >>>>> REPORT HEADER :Content-type: application/xml
Level: 50 >>>>> REPORT HEADER :X-Client-Id: 5BF33F3F-4235-4FCD-9512-E85D766E2766
Level: 50 >>>>> REPORT HEADER :X-Correlation-Id: test-corelation-id-0
Level: 50 >>>>> REPORT HEADER :X-License-Key: yamato-test-license
Level: 50 >>>>> REPORT HEADER :X-Pid: diamond
Level: 50 >>>>> REPORT HEADER :X-Target-Mac: AB-CD-EF-GH-IJ
Level: 50 >>>>> REPORT HEADER :X-Vid: softbank
Level: 50 >>>>> [NmapScanTask]################  cert path:"/opt/diamond/certs/enc_stg_cert.pem" , key path:"/opt/diamond/certs/enc_stg_key.pem" , srv cert path:"/opt/diamond/certs/enc_stg_srv_cert.pem"
Level: 50 >>>>> set crypto
Level: 50 >>>>> [Crypto] work path </opt/diamond/temp/>
Level: 50 >>>>> file exists: /opt/diamond/certs/enc_stg_cert.pem
Level: 50 >>>>> file exists: /opt/diamond/certs/enc_stg_key.pem
Level: 50 >>>>> file exists: /opt/diamond/certs/enc_stg_srv_cert.pem
Level: 50 >>>>> [Crypto] Initialized with crypto
Level: 50 >>>>> [HTTP] DoCrypt !!
Level: 50 >>>>> [HTTP] [DoCrypt] EVP_CIPHER_CTX_cleanup
Level: 50 >>>>> [HTTP] DoCrypt !!
Level: 50 >>>>> [HTTP] [DoCrypt] EVP_CIPHER_CTX_cleanup
Level: 50 >>>>> [HTTP] DoCrypt !!
Level: 50 >>>>> [HTTP] [DoCrypt] EVP_CIPHER_CTX_cleanup
Level: 50 >>>>> [HTTP] get response: 200, url: https://alpha.isc.trendmicro.com/api/v1/report/analyze, body: "{"status":"up","scan_duration":44,"vulnerabilities_details":[{"id":"YM_IPCAM_CVE-2017-8225","is_vuln":false,"risk_level":"high","cvss":7.5,"services":[{"error_code":0,"error_msg":"","is_vuln":false,"conf":10,"port":80,"name":"http"}]},{"id":"YM_ROUTER_CVE-2011-4723","is_vuln":true,"risk_level":"medium","cvss":6.8,"services":[{"error_code":0,"error_msg":"","is_vuln":false,"conf":10,"port":80,"name":"http"},{"error_code":0,"error_msg":"","is_vuln":true,"conf":10,"port":8080,"name":"http-proxy"}]},{"id":"YM_WANNACRY_MS17-010","is_vuln":false,"risk_level":"high","cvss":9.3,"services":[{"error_code":0,"error_msg":"","is_vuln":false,"conf":10,"port":139,"name":"netbios-ssn"},{"error_code":0,"error_msg":"","is_vuln":false,"conf":10,"port":445,"name":"microsoft-ds"}]},{"id":"YM_SAMBACRY_CVE-2017-7494","is_vuln":true,"risk_level":"high","cvss":10,"services":[{"error_code":0,"error_msg":"","is_vuln":true,"conf":10,"port":139,"name":"netbios-ssn"},{"error_code":0,"error_msg":"","is_vuln":true,"conf":10,"port":445,"name":"microsoft-ds"}]},{"id":"YM_HEARTBLEED_CVE-2014-0160","is_vuln":false,"risk_level":"medium","cvss":5,"services":[{"error_code":0,"error_msg":"","is_vuln":false,"conf":10,"port":443,"name":"https"},{"error_code":0,"error_msg":"","is_vuln":false,"conf":10,"port":8080,"name":"http-proxy"}]},{"id":"YM_DROWN_CVE-2016-0800","is_vuln":false,"risk_level":"medium","cvss":4.3,"services":[{"error_code":0,"error_msg":"","is_vuln":false,"conf":10,"port":443,"name":"https"},{"error_code":0,"error_msg":"","is_vuln":false,"conf":10,"port":8080,"name":"http-proxy"}]},{"id":"YM_POODLE_CVE-2014-3566","is_vuln":false,"risk_level":"medium","cvss":4.3,"services":[{"error_code":0,"error_msg":"","is_vuln":false,"conf":10,"port":443,"name":"https"},{"error_code":0,"error_msg":"","is_vuln":false,"conf":10,"port":8080,"name":"http-proxy"}]}],"vulnerabilities_found":true,"open_ports":[{"protocol":"tcp","port":21,"state":"open","reason":"syn-ack","service":{"name":"ftp","method":"table","conf":3},"isc":{"error_code":0,"error_msg":""}},{"protocol":"tcp","port":22,"state":"open","reason":"syn-ack","service":{"name":"ssh","method":"table","conf":3},"isc":{"error_code":0,"error_msg":""}},{"protocol":"tcp","port":80,"state":"open","reason":"syn-ack","service":{"name":"http","method":"table","conf":3},"isc":{"error_code":0,"error_msg":""}},{"protocol":"tcp","port":139,"state":"open","reason":"syn-ack","service":{"name":"netbios-ssn","method":"table","conf":3},"isc":{"error_code":0,"error_msg":""}},{"protocol":"tcp","port":443,"state":"open","reason":"syn-ack","service":{"name":"https","method":"table","conf":3},"isc":{"error_code":0,"error_msg":""}},{"protocol":"tcp","port":445,"state":"open","reason":"syn-ack","service":{"name":"microsoft-ds","method":"table","conf":3},"isc":{"error_code":0,"error_msg":""}},{"protocol":"tcp","port":631,"state":"open","reason":"syn-ack","service":{"name":"ipp","method":"table","conf":3},"isc":{"error_code":0,"error_msg":""}},{"protocol":"tcp","port":873,"state":"open","reason":"syn-ack","service":{"name":"rsync","method":"table","conf":3},"isc":{"error_code":0,"error_msg":""}},{"protocol":"tcp","port":8080,"state":"open","reason":"syn-ack","service":{"name":"http-proxy","method":"table","conf":3},"isc":{"error_code":0,"error_msg":""}},{"protocol":"tcp","port":8081,"state":"open","reason":"syn-ack","service":{"name":"blackice-icecap","method":"table","conf":3},"isc":{"error_code":0,"error_msg":""}},{"protocol":"tcp","port":49152,"state":"open","reason":"syn-ack","service":{"name":"unknown","method":"table","conf":3},"isc":{"error_code":0,"error_msg":""}}],"ipv4":"192.168.2.130","mac":"00:08:9B:F8:48:7D"}"
Level: 40 >>>>> [NmapScanTask] /report/analyze res code:200
Level: 50 >>>>> [NmapScanTask] report/analyze API Success!!! 
Level: 50 >>>>> [NmapScanTask]<handleCallback:757C55E3-34DB-45A6-BE99-22618F979545> callback status:0x10000001, code:0x10000000
 <<<<<<< Begin CallbackHandler >>>>>> 
status code: 0x10000001
error code: 0x10000000
 <<<<<<< End CallbackHandler >>>>>> 
Level: 50 >>>>> [NmapScanTask]<handleCallback:757C55E3-34DB-45A6-BE99-22618F979545> callback return :0
Level: 50 >>>>> [NmapScanTask]<handleCallback:757C55E3-34DB-45A6-BE99-22618F979545> callback status:0x10000002, code:0x10000000
 <<<<<<< Begin CallbackHandler >>>>>> 
status code: 0x10000002
error code: 0x10000000
API Parse Result:{"status":"up","scan_duration":44,"vulnerabilities_details":[{"id":"YM_IPCAM_CVE-2017-8225","is_vuln":false,"risk_level":"high","cvss":7.5,"services":[{"error_code":0,"error_msg":"","is_vuln":false,"conf":10,"port":80,"name":"http"}]},{"id":"YM_ROUTER_CVE-2011-4723","is_vuln":true,"risk_level":"medium","cvss":6.8,"services":[{"error_code":0,"error_msg":"","is_vuln":false,"conf":10,"port":80,"name":"http"},{"error_code":0,"error_msg":"","is_vuln":true,"conf":10,"port":8080,"name":"http-proxy"}]},{"id":"YM_WANNACRY_MS17-010","is_vuln":false,"risk_level":"high","cvss":9.3,"services":[{"error_code":0,"error_msg":"","is_vuln":false,"conf":10,"port":139,"name":"netbios-ssn"},{"error_code":0,"error_msg":"","is_vuln":false,"conf":10,"port":445,"name":"microsoft-ds"}]},{"id":"YM_SAMBACRY_CVE-2017-7494","is_vuln":true,"risk_level":"high","cvss":10,"services":[{"error_code":0,"error_msg":"","is_vuln":true,"conf":10,"port":139,"name":"netbios-ssn"},{"error_code":0,"error_msg":"","is_vuln":true,"conf":10,"port":445,"name":"microsoft-ds"}]},{"id":"YM_HEARTBLEED_CVE-2014-0160","is_vuln":false,"risk_level":"medium","cvss":5,"services":[{"error_code":0,"error_msg":"","is_vuln":false,"conf":10,"port":443,"name":"https"},{"error_code":0,"error_msg":"","is_vuln":false,"conf":10,"port":8080,"name":"http-proxy"}]},{"id":"YM_DROWN_CVE-2016-0800","is_vuln":false,"risk_level":"medium","cvss":4.3,"services":[{"error_code":0,"error_msg":"","is_vuln":false,"conf":10,"port":443,"name":"https"},{"error_code":0,"error_msg":"","is_vuln":false,"conf":10,"port":8080,"name":"http-proxy"}]},{"id":"YM_POODLE_CVE-2014-3566","is_vuln":false,"risk_level":"medium","cvss":4.3,"services":[{"error_code":0,"error_msg":"","is_vuln":false,"conf":10,"port":443,"name":"https"},{"error_code":0,"error_msg":"","is_vuln":false,"conf":10,"port":8080,"name":"http-proxy"}]}],"vulnerabilities_found":true,"open_ports":[{"protocol":"tcp","port":21,"state":"open","reason":"syn-ack","service":{"name":"ftp","method":"table","conf":3},"isc":{"error_code":0,"error_msg":""}},{"protocol":"tcp","port":22,"state":"open","reason":"syn-ack","service":{"name":"ssh","method":"table","conf":3},"isc":{"error_code":0,"error_msg":""}},{"protocol":"tcp","port":80,"state":"open","reason":"syn-ack","service":{"name":"http","method":"table","conf":3},"isc":{"error_code":0,"error_msg":""}},{"protocol":"tcp","port":139,"state":"open","reason":"syn-ack","service":{"name":"netbios-ssn","method":"table","conf":3},"isc":{"error_code":0,"error_msg":""}},{"protocol":"tcp","port":443,"state":"open","reason":"syn-ack","service":{"name":"https","method":"table","conf":3},"isc":{"error_code":0,"error_msg":""}},{"protocol":"tcp","port":445,"state":"open","reason":"syn-ack","service":{"name":"microsoft-ds","method":"table","conf":3},"isc":{"error_code":0,"error_msg":""}},{"protocol":"tcp","port":631,"state":"open","reason":"syn-ack","service":{"name":"ipp","method":"table","conf":3},"isc":{"error_code":0,"error_msg":""}},{"protocol":"tcp","port":873,"state":"open","reason":"syn-ack","service":{"name":"rsync","method":"table","conf":3},"isc":{"error_code":0,"error_msg":""}},{"protocol":"tcp","port":8080,"state":"open","reason":"syn-ack","service":{"name":"http-proxy","method":"table","conf":3},"isc":{"error_code":0,"error_msg":""}},{"protocol":"tcp","port":8081,"state":"open","reason":"syn-ack","service":{"name":"blackice-icecap","method":"table","conf":3},"isc":{"error_code":0,"error_msg":""}},{"protocol":"tcp","port":49152,"state":"open","reason":"syn-ack","service":{"name":"unknown","method":"table","conf":3},"isc":{"error_code":0,"error_msg":""}}],"ipv4":"192.168.2.130","mac":"00:08:9B:F8:48:7D"}
 <<<<<<< End CallbackHandler >>>>>> 
Level: 50 >>>>> [NmapScanTask]<handleCallback:757C55E3-34DB-45A6-BE99-22618F979545> callback return :0
Scan tasks are all done
SDK version: "1.0.59"
Package version: "1.0.88"
Nmap version: "7.50"
Lua version: "5.3.3"
Before Uninit scanner
Level: 40 >>>>> Try to uninit Scanner: 0x349D28
Level: 40 >>>>> Finish uninit Scanner: 0x349D28
Level: 40 >>>>> # of Scanners: 0
Uninit scanner
Uninit sdk
#API Parse Result:{"status":"up","scan_duration":44,"vulnerabilities_details":[{"id":"YM_NAS_CVE-2017-6361","is_vuln":true,"risk_level":"medium","cvss":6.8,"services":[{"error_code":0,"error_msg":"","is_vuln":false,"conf":10,"port":80,"name":"http"},{"error_code":0,"error_msg":"","is_vuln":true,"conf":10,"port":8080,"name":"http-proxy"}]},{"id":"YM_WANNACRY_MS17-010","is_vuln":false,"risk_level":"high","cvss":9.3,"services":[{"error_code":0,"error_msg":"","is_vuln":false,"conf":10,"port":139,"name":"netbios-ssn"},{"error_code":0,"error_msg":"","is_vuln":false,"conf":10,"port":445,"name":"microsoft-ds"}]},{"id":"YM_SAMBACRY_CVE-2017-7494","is_vuln":true,"risk_level":"high","cvss":10,"services":[{"error_code":0,"error_msg":"","is_vuln":true,"conf":10,"port":139,"name":"netbios-ssn"},{"error_code":0,"error_msg":"","is_vuln":true,"conf":10,"port":445,"name":"microsoft-ds"}]},{"id":"YM_HEARTBLEED_CVE-2014-0160","is_vuln":false,"risk_level":"medium","cvss":5,"services":[{"error_code":0,"error_msg":"","is_vuln":false,"conf":10,"port":443,"name":"https"},{"error_code":0,"error_msg":"","is_vuln":false,"conf":10,"port":8080,"name":"http-proxy"}]},{"id":"YM_DROWN_CVE-2016-0800","is_vuln":false,"risk_level":"medium","cvss":4.3,"services":[{"error_code":0,"error_msg":"","is_vuln":false,"conf":10,"port":443,"name":"https"},{"error_code":0,"error_msg":"","is_vuln":false,"conf":10,"port":8080,"name":"http-proxy"}]},{"id":"YM_POODLE_CVE-2014-3566","is_vuln":false,"risk_level":"medium","cvss":4.3,"services":[{"error_code":0,"error_msg":"","is_vuln":false,"conf":10,"port":443,"name":"https"},{"error_code":0,"error_msg":"","is_vuln":false,"conf":10,"port":8080,"name":"http-proxy"}]}],"vulnerabilities_found":true,"open_ports":[{"protocol":"tcp","port":21,"state":"open","reason":"syn-ack","service":{"name":"ftp","method":"table","conf":3},"isc":{"error_code":0,"error_msg":""}},{"protocol":"tcp","port":22,"state":"open","reason":"syn-ack","service":{"name":"ssh","method":"table","conf":3},"isc":{"error_code":0,"error_msg":""}},{"protocol":"tcp","port":80,"state":"open","reason":"syn-ack","service":{"name":"http","method":"table","conf":3},"isc":{"error_code":0,"error_msg":""}},{"protocol":"tcp","port":139,"state":"open","reason":"syn-ack","service":{"name":"netbios-ssn","method":"table","conf":3},"isc":{"error_code":0,"error_msg":""}},{"protocol":"tcp","port":443,"state":"open","reason":"syn-ack","service":{"name":"https","method":"table","conf":3},"isc":{"error_code":0,"error_msg":""}},{"protocol":"tcp","port":445,"state":"open","reason":"syn-ack","service":{"name":"microsoft-ds","method":"table","conf":3},"isc":{"error_code":0,"error_msg":""}},{"protocol":"tcp","port":631,"state":"open","reason":"syn-ack","service":{"name":"ipp","method":"table","conf":3},"isc":{"error_code":0,"error_msg":""}},{"protocol":"tcp","port":873,"state":"open","reason":"syn-ack","service":{"name":"rsync","method":"table","conf":3},"isc":{"error_code":0,"error_msg":""}},{"protocol":"tcp","port":8080,"state":"open","reason":"syn-ack","service":{"name":"http-proxy","method":"table","conf":3},"isc":{"error_code":0,"error_msg":""}},{"protocol":"tcp","port":8081,"state":"open","reason":"syn-ack","service":{"name":"blackice-icecap","method":"table","conf":3},"isc":{"error_code":0,"error_msg":""}},{"protocol":"tcp","port":49152,"state":"open","reason":"syn-ack","service":{"name":"unknown","method":"table","conf":3},"isc":{"error_code":0,"error_msg":""}}],"ipv4":"192.168.2.130","mac":"00:08:9B:F8:48:7D"}